<?xml version="1.0" encoding="UTF-8"?>
<!-- Generated by org.testng.reporters.JUnitReportReporter -->
<testsuite hostname="DESKTOP-BQ9CQUV" failures="0" tests="5" name="CucumberTestRunner.TestRunner" time="9.443" errors="0" timestamp="2024-05-26T11:13:17 IST" skipped="0">
  <testcase classname="CucumberTestRunner.TestRunner" name="runScenario" time="1.384"/>
  <testcase classname="CucumberTestRunner.TestRunner" name="runScenario" time="1.287"/>
  <testcase classname="CucumberTestRunner.TestRunner" name="runScenario" time="1.317"/>
  <testcase classname="CucumberTestRunner.TestRunner" name="runScenario" time="4.379"/>
  <testcase classname="CucumberTestRunner.TestRunner" name="runScenario" time="1.076"/>
</testsuite> <!-- CucumberTestRunner.TestRunner -->
